<?xml version="1.0" encoding="UTF-8"?>
<!-- Generated by org.testng.reporters.JUnitReportReporter -->
<testsuite hostname="MKOKANE10A" failures="0" tests="3" name="com.prjct.qa.testcases.LoginpageTest" time="42.078" errors="0" timestamp="2024-07-08T11:46:36 IST" skipped="0">
  <testcase classname="com.prjct.qa.testcases.LoginpageTest" name="crmlogotest" time="13.842"/>
  <testcase classname="com.prjct.qa.testcases.LoginpageTest" name="loginpagetitletest" time="6.771"/>
  <testcase classname="com.prjct.qa.testcases.LoginpageTest" name="loginTest" time="21.465"/>
</testsuite> <!-- com.prjct.qa.testcases.LoginpageTest -->
