<?xml version="1.0" encoding="UTF-8"?>
<!-- Generated by org.testng.reporters.JUnitReportReporter -->
<testsuite hostname="MKOKANE10A" failures="0" tests="7" name="com.prjct.qa.testcases.HomepageTest" time="197.796" errors="0" timestamp="2024-07-08T11:46:36 IST" skipped="0">
  <testcase classname="com.prjct.qa.testcases.HomepageTest" name="verifyOutboundPageTitle" time="19.958"/>
  <testcase classname="com.prjct.qa.testcases.HomepageTest" name="verifyInventoryMaintainancePageTitle" time="26.755"/>
  <testcase classname="com.prjct.qa.testcases.HomepageTest" name="verifyUsersandGroupsPageTitle" time="28.987"/>
  <testcase classname="com.prjct.qa.testcases.HomepageTest" name="verifyInboundPageTitle" time="28.322"/>
  <testcase classname="com.prjct.qa.testcases.HomepageTest" name="verifyUtilitiesPageTitle" time="42.250"/>
  <testcase classname="com.prjct.qa.testcases.HomepageTest" name="verifySelfserviceReportingPageTitle" time="26.988"/>
  <testcase classname="com.prjct.qa.testcases.HomepageTest" name="clickVerifyFavoritesPageTitile" time="24.536"/>
</testsuite> <!-- com.prjct.qa.testcases.HomepageTest -->
