<?xml version="1.0" encoding="UTF-8"?>
<!-- Generated by org.testng.reporters.JUnitReportReporter -->
<testsuite hostname="MKOKANE10A" failures="0" tests="7" name="com.prjct.qa.testcases.HomepageTest" time="96.866" errors="0" timestamp="2024-07-11T11:18:14 IST" skipped="0">
  <testcase classname="com.prjct.qa.testcases.HomepageTest" name="verifyUsersandGroupsPageTitle" time="14.486"/>
  <testcase classname="com.prjct.qa.testcases.HomepageTest" name="verifyInventoryMaintainancePageTitle" time="12.050"/>
  <testcase classname="com.prjct.qa.testcases.HomepageTest" name="clickVerifyFavoritesPageTitile" time="14.937"/>
  <testcase classname="com.prjct.qa.testcases.HomepageTest" name="verifyOutboundPageTitle" time="13.678"/>
  <testcase classname="com.prjct.qa.testcases.HomepageTest" name="verifyInboundPageTitle" time="13.073"/>
  <testcase classname="com.prjct.qa.testcases.HomepageTest" name="verifyUtilitiesPageTitle" time="13.724"/>
  <testcase classname="com.prjct.qa.testcases.HomepageTest" name="verifySelfserviceReportingPageTitle" time="14.918"/>
</testsuite> <!-- com.prjct.qa.testcases.HomepageTest -->
