<?xml version="1.0" encoding="UTF-8"?>
<!-- Generated by org.testng.reporters.JUnitReportReporter -->
<testsuite hostname="MKOKANE10A" failures="0" tests="3" name="com.prjct.qa.testcases.LoginpageTest" time="15.640" errors="0" timestamp="2024-07-11T11:18:14 IST" skipped="0">
  <testcase classname="com.prjct.qa.testcases.LoginpageTest" name="loginTest" time="4.888"/>
  <testcase classname="com.prjct.qa.testcases.LoginpageTest" name="loginpagetitletest" time="5.301"/>
  <testcase classname="com.prjct.qa.testcases.LoginpageTest" name="crmlogotest" time="5.451"/>
</testsuite> <!-- com.prjct.qa.testcases.LoginpageTest -->
